#
# There is insufficient memory for the Java Runtime Environment to continue.
# Native memory allocation (mmap) failed to map 83361792 bytes for committing reserved memory.
# Possible reasons:
#   The system is out of physical RAM or swap space
#   In 32 bit mode, the process size limit was hit
# Possible solutions:
#   Reduce memory load on the system
#   Increase physical memory or swap space
#   Check if swap backing store is full
#   Use 64 bit Java on a 64 bit OS
#   Decrease Java heap size (-Xmx/-Xms)
#   Decrease number of Java threads
#   Decrease Java thread stack sizes (-Xss)
#   Set larger code cache with -XX:ReservedCodeCacheSize=
# This output file may be truncated or incomplete.
#
#  Out of Memory Error (os_linux.cpp:2640), pid=13719, tid=0x00007f317dca3700
#
# JRE version: Java(TM) SE Runtime Environment (8.0_161-b12) (build 1.8.0_161-b12)
# Java VM: Java HotSpot(TM) 64-Bit Server VM (25.161-b12 mixed mode linux-amd64 compressed oops)
# Failed to write core dump. Core dumps have been disabled. To enable core dumping, try "ulimit -c unlimited" before starting Java again
#

---------------  T H R E A D  ---------------

Current thread (0x00007f3190081000):  VMThread [stack: 0x00007f317dba3000,0x00007f317dca4000] [id=13730]

Stack: [0x00007f317dba3000,0x00007f317dca4000],  sp=0x00007f317dca2160,  free space=1020k
Native frames: (J=compiled Java code, j=interpreted, Vv=VM code, C=native code)
V  [libjvm.so+0xacf94a]  VMError::report_and_die()+0x2ba
V  [libjvm.so+0x50050b]  report_vm_out_of_memory(char const*, int, unsigned long, VMErrorType, char const*)+0x8b
V  [libjvm.so+0x92b133]  os::Linux::commit_memory_impl(char*, unsigned long, bool)+0x103
V  [libjvm.so+0x92b5c9]  os::pd_commit_memory(char*, unsigned long, unsigned long, bool)+0x29
V  [libjvm.so+0x924c0a]  os::commit_memory(char*, unsigned long, unsigned long, bool)+0x2a
V  [libjvm.so+0x99ab53]  PSVirtualSpace::expand_by(unsigned long)+0x53
V  [libjvm.so+0x99bf58]  PSYoungGen::resize_generation(unsigned long, unsigned long)+0xf8
V  [libjvm.so+0x99b0b2]  PSYoungGen::resize(unsigned long, unsigned long)+0x22
V  [libjvm.so+0x99838b]  PSScavenge::invoke_no_policy()+0xf3b
V  [libjvm.so+0x998b11]  PSScavenge::invoke()+0x41
V  [libjvm.so+0x94f5a0]  ParallelScavengeHeap::failed_mem_allocate(unsigned long)+0x70
V  [libjvm.so+0xad13c7]  VM_ParallelGCFailedAllocation::doit()+0x97
V  [libjvm.so+0xad8ed5]  VM_Operation::evaluate()+0x55
V  [libjvm.so+0xad729a]  VMThread::evaluate_operation(VM_Operation*)+0xba
V  [libjvm.so+0xad761e]  VMThread::loop()+0x1ce
V  [libjvm.so+0xad7a90]  VMThread::run()+0x70
V  [libjvm.so+0x92da28]  java_start(Thread*)+0x108

VM_Operation (0x00007f311eaed300): ParallelGCFailedAllocation, mode: safepoint, requested by thread 0x00007f30fc165800


---------------  P R O C E S S  ---------------

Java Threads: ( => current thread )
  0x00007f30fc165800 JavaThread "SockJS-4" [_thread_blocked, id=13830, stack(0x00007f311e9ee000,0x00007f311eaef000)]
  0x00007f30fc0f4800 JavaThread "WebSocket background processing" daemon [_thread_blocked, id=13825, stack(0x00007f311eaef000,0x00007f311ebf0000)]
  0x00007f30fc0f4000 JavaThread "SockJS-3" [_thread_blocked, id=13824, stack(0x00007f311ebf0000,0x00007f311ecf1000)]
  0x00007f312967e800 JavaThread "SockJS-2" [_thread_blocked, id=13822, stack(0x00007f317c9d9000,0x00007f317cada000)]
  0x00007f30fc006000 JavaThread "SockJS-1" [_thread_blocked, id=13821, stack(0x00007f317c0cb000,0x00007f317c1cc000)]
  0x00007f3190013800 JavaThread "DestroyJavaVM" [_thread_blocked, id=13725, stack(0x00007f31972ab000,0x00007f31973ac000)]
  0x00007f3192147800 JavaThread "http-nio-0.0.0.0-8080-AsyncTimeout" daemon [_thread_blocked, id=13791, stack(0x00007f311f0f1000,0x00007f311f1f2000)]
  0x00007f3192146000 JavaThread "http-nio-0.0.0.0-8080-Acceptor-0" daemon [_thread_in_native, id=13788, stack(0x00007f311f1f2000,0x00007f311f2f3000)]
  0x00007f3192143800 JavaThread "http-nio-0.0.0.0-8080-ClientPoller-1" daemon [_thread_blocked, id=13785, stack(0x00007f311f2f3000,0x00007f311f3f4000)]
  0x00007f3192129000 JavaThread "http-nio-0.0.0.0-8080-ClientPoller-0" daemon [_thread_blocked, id=13783, stack(0x00007f311f3f4000,0x00007f311f4f5000)]
  0x00007f319210d000 JavaThread "http-nio-0.0.0.0-8080-exec-10" daemon [_thread_blocked, id=13782, stack(0x00007f311f4f5000,0x00007f311f5f6000)]
  0x00007f319210b000 JavaThread "http-nio-0.0.0.0-8080-exec-9" daemon [_thread_blocked, id=13780, stack(0x00007f311f5f6000,0x00007f311f6f7000)]
  0x00007f3192109000 JavaThread "http-nio-0.0.0.0-8080-exec-8" daemon [_thread_blocked, id=13778, stack(0x00007f311f6f7000,0x00007f311f7f8000)]
  0x00007f3192107000 JavaThread "http-nio-0.0.0.0-8080-exec-7" daemon [_thread_blocked, id=13776, stack(0x00007f311f7f8000,0x00007f311f8f9000)]
  0x00007f3192105000 JavaThread "http-nio-0.0.0.0-8080-exec-6" daemon [_thread_blocked, id=13775, stack(0x00007f311f8f9000,0x00007f311f9fa000)]
  0x00007f3192103000 JavaThread "http-nio-0.0.0.0-8080-exec-5" daemon [_thread_blocked, id=13774, stack(0x00007f311f9fa000,0x00007f311fafb000)]
  0x00007f3192101800 JavaThread "http-nio-0.0.0.0-8080-exec-4" daemon [_thread_blocked, id=13773, stack(0x00007f311fafb000,0x00007f311fbfc000)]
  0x00007f31920ff800 JavaThread "http-nio-0.0.0.0-8080-exec-3" daemon [_thread_blocked, id=13772, stack(0x00007f311fbfc000,0x00007f311fcfd000)]
  0x00007f31920fe000 JavaThread "http-nio-0.0.0.0-8080-exec-2" daemon [_thread_blocked, id=13771, stack(0x00007f311fcfd000,0x00007f311fdfe000)]
  0x00007f31920fb000 JavaThread "http-nio-0.0.0.0-8080-exec-1" daemon [_thread_blocked, id=13770, stack(0x00007f311fdfe000,0x00007f311feff000)]
  0x00007f31920f8800 JavaThread "NioBlockingSelector.BlockPoller-1" daemon [_thread_blocked, id=13769, stack(0x00007f311feff000,0x00007f3120000000)]
  0x00007f319128b800 JavaThread "container-0" [_thread_blocked, id=13762, stack(0x00007f316cc10000,0x00007f316cd11000)]
  0x00007f3191461800 JavaThread "ContainerBackgroundProcessor[StandardEngine[Tomcat]]" daemon [_thread_blocked, id=13761, stack(0x00007f316dd35000,0x00007f316de36000)]
  0x00007f3128326800 JavaThread "HikariPool-1 housekeeper" daemon [_thread_blocked, id=13757, stack(0x00007f316de36000,0x00007f316df37000)]
  0x00007f3128098800 JavaThread "Abandoned connection cleanup thread" daemon [_thread_blocked, id=13756, stack(0x00007f316edd4000,0x00007f316eed5000)]
  0x00007f31900e4800 JavaThread "Service Thread" daemon [_thread_blocked, id=13746, stack(0x00007f317cf95000,0x00007f317d096000)]
  0x00007f31900d9000 JavaThread "C1 CompilerThread2" daemon [_thread_blocked, id=13745, stack(0x00007f317d096000,0x00007f317d197000)]
  0x00007f31900d7000 JavaThread "C2 CompilerThread1" daemon [_thread_blocked, id=13744, stack(0x00007f317d197000,0x00007f317d298000)]
  0x00007f31900d4800 JavaThread "C2 CompilerThread0" daemon [_thread_blocked, id=13743, stack(0x00007f317d298000,0x00007f317d399000)]
  0x00007f3148001000 JavaThread "JDWP Command Reader" daemon [_thread_in_native, id=13740, stack(0x00007f317d399000,0x00007f317d49a000)]
  0x00007f31900d2000 JavaThread "JDWP Event Helper Thread" daemon [_thread_blocked, id=13739, stack(0x00007f317d49a000,0x00007f317d59b000)]
  0x00007f31900ce800 JavaThread "JDWP Transport Listener: dt_socket" daemon [_thread_blocked, id=13738, stack(0x00007f317d59b000,0x00007f317d69c000)]
  0x00007f31900bf800 JavaThread "Signal Dispatcher" daemon [_thread_blocked, id=13734, stack(0x00007f317d8a0000,0x00007f317d9a1000)]
  0x00007f319008d800 JavaThread "Finalizer" daemon [_thread_blocked, id=13732, stack(0x00007f317d9a1000,0x00007f317daa2000)]
  0x00007f3190089000 JavaThread "Reference Handler" daemon [_thread_blocked, id=13731, stack(0x00007f317daa2000,0x00007f317dba3000)]

Other Threads:
=>0x00007f3190081000 VMThread [stack: 0x00007f317dba3000,0x00007f317dca4000] [id=13730]
  0x00007f31900e9800 WatcherThread [stack: 0x00007f317ce94000,0x00007f317cf95000] [id=13747]

VM state:at safepoint (normal execution)

VM Mutex/Monitor currently owned by a thread:  ([mutex/lock_event])
[0x00007f319000f850] Threads_lock - owner thread: 0x00007f3190081000
[0x00007f319000fd50] Heap_lock - owner thread: 0x00007f30fc165800

Heap:
 PSYoungGen      total 452096K, used 7038K [0x00000000d7180000, 0x00000000f3e00000, 0x0000000100000000)
  eden space 432640K, 0% used [0x00000000d7180000,0x00000000d7180000,0x00000000f1800000)
  from space 19456K, 36% used [0x00000000f1800000,0x00000000f1edfa78,0x00000000f2b00000)
  to   space 11776K, 0% used [0x00000000f3280000,0x00000000f3280000,0x00000000f3e00000)
 ParOldGen       total 117760K, used 43855K [0x0000000085400000, 0x000000008c700000, 0x00000000d7180000)
  object space 117760K, 37% used [0x0000000085400000,0x0000000087ed3c10,0x000000008c700000)
 Metaspace       used 75583K, capacity 79246K, committed 79360K, reserved 1118208K
  class space    used 9834K, capacity 10479K, committed 10496K, reserved 1048576K

Card table byte_map: [0x00007f318001c000,0x00007f31803f3000] byte_map_base: 0x00007f317fbf2000

Marking Bits: (ParMarkBitMap*) 0x00007f3196779920
 Begin Bits: [0x00007f31742a0000, 0x00007f3176150000)
 End Bits:   [0x00007f3176150000, 0x00007f3178000000)

Polling page: 0x00007f31973c9000

CodeCache: size=245760Kb used=31298Kb max_used=33326Kb free=214461Kb
 bounds [0x00007f31807b3000, 0x00007f31828c3000, 0x00007f318f7b3000]
 total_blobs=9084 nmethods=8506 adapters=498
 compilation: enabled

Compilation events (10 events):
Event: 180,075 Thread 0x00007f31900d7000 10607 %     4       java.util.IdentityHashMap::resize @ 58 (153 bytes)
Event: 180,075 Thread 0x00007f31900d4800 10608       4       java.util.Date::<init> (10 bytes)
Event: 180,615 Thread 0x00007f31900d9000 10609       3       java.security.MessageDigest::digest (12 bytes)
Event: 180,671 Thread 0x00007f31900d4800 nmethod 10608 0x00007f3181263390 code [0x00007f31812634e0, 0x00007f3181263538]
Event: 180,671 Thread 0x00007f31900d7000 nmethod 10607% 0x00007f3180da5190 code [0x00007f3180da5320, 0x00007f3180da5948]
Event: 180,851 Thread 0x00007f31900d9000 nmethod 10609 0x00007f31821b5950 code [0x00007f31821b5ac0, 0x00007f31821b5ce8]
Event: 180,851 Thread 0x00007f31900d9000 10610       3       java.security.MessageDigest$Delegate::engineDigest (8 bytes)
Event: 180,862 Thread 0x00007f31900d9000 nmethod 10610 0x00007f3181e30a90 code [0x00007f3181e30c00, 0x00007f3181e30e28]
Event: 183,985 Thread 0x00007f31900d4800 10612       4       org.hibernate.engine.jdbc.internal.JdbcCoordinatorImpl::getResultSetReturn (24 bytes)
Event: 187,437 Thread 0x00007f31900d4800 nmethod 10612 0x00007f3182103e90 code [0x00007f3182103fe0, 0x00007f3182104108]

GC Heap History (10 events):
Event: 23,986 GC heap after
Heap after GC invocations=13 (full 2):
 PSYoungGen      total 301568K, used 9846K [0x00000000d7180000, 0x00000000efb80000, 0x0000000100000000)
  eden space 282112K, 0% used [0x00000000d7180000,0x00000000d7180000,0x00000000e8500000)
  from space 19456K, 50% used [0x00000000e8500000,0x00000000e8e9da78,0x00000000e9800000)
  to   space 18432K, 0% used [0x00000000ee980000,0x00000000ee980000,0x00000000efb80000)
 ParOldGen       total 82432K, used 33555K [0x0000000085400000, 0x000000008a480000, 0x00000000d7180000)
  object space 82432K, 40% used [0x0000000085400000,0x00000000874c4da8,0x000000008a480000)
 Metaspace       used 56568K, capacity 58800K, committed 59008K, reserved 1099776K
  class space    used 7370K, capacity 7786K, committed 7808K, reserved 1048576K
}
Event: 23,986 GC heap before
{Heap before GC invocations=14 (full 3):
 PSYoungGen      total 301568K, used 9846K [0x00000000d7180000, 0x00000000efb80000, 0x0000000100000000)
  eden space 282112K, 0% used [0x00000000d7180000,0x00000000d7180000,0x00000000e8500000)
  from space 19456K, 50% used [0x00000000e8500000,0x00000000e8e9da78,0x00000000e9800000)
  to   space 18432K, 0% used [0x00000000ee980000,0x00000000ee980000,0x00000000efb80000)
 ParOldGen       total 82432K, used 33555K [0x0000000085400000, 0x000000008a480000, 0x00000000d7180000)
  object space 82432K, 40% used [0x0000000085400000,0x00000000874c4da8,0x000000008a480000)
 Metaspace       used 56568K, capacity 58800K, committed 59008K, reserved 1099776K
  class space    used 7370K, capacity 7786K, committed 7808K, reserved 1048576K
Event: 24,241 GC heap after
Heap after GC invocations=14 (full 3):
 PSYoungGen      total 301568K, used 0K [0x00000000d7180000, 0x00000000efb80000, 0x0000000100000000)
  eden space 282112K, 0% used [0x00000000d7180000,0x00000000d7180000,0x00000000e8500000)
  from space 19456K, 0% used [0x00000000e8500000,0x00000000e8500000,0x00000000e9800000)
  to   space 18432K, 0% used [0x00000000ee980000,0x00000000ee980000,0x00000000efb80000)
 ParOldGen       total 117760K, used 35563K [0x0000000085400000, 0x000000008c700000, 0x00000000d7180000)
  object space 117760K, 30% used [0x0000000085400000,0x00000000876bad00,0x000000008c700000)
 Metaspace       used 56568K, capacity 58800K, committed 59008K, reserved 1099776K
  class space    used 7370K, capacity 7786K, committed 7808K, reserved 1048576K
}
Event: 31,555 GC heap before
{Heap before GC invocations=15 (full 3):
 PSYoungGen      total 301568K, used 282112K [0x00000000d7180000, 0x00000000efb80000, 0x0000000100000000)
  eden space 282112K, 100% used [0x00000000d7180000,0x00000000e8500000,0x00000000e8500000)
  from space 19456K, 0% used [0x00000000e8500000,0x00000000e8500000,0x00000000e9800000)
  to   space 18432K, 0% used [0x00000000ee980000,0x00000000ee980000,0x00000000efb80000)
 ParOldGen       total 117760K, used 35563K [0x0000000085400000, 0x000000008c700000, 0x00000000d7180000)
  object space 117760K, 30% used [0x0000000085400000,0x00000000876bad00,0x000000008c700000)
 Metaspace       used 67519K, capacity 70566K, committed 70656K, reserved 1110016K
  class space    used 8881K, capacity 9407K, committed 9472K, reserved 1048576K
Event: 31,600 GC heap after
Heap after GC invocations=15 (full 3):
 PSYoungGen      total 376320K, used 18415K [0x00000000d7180000, 0x00000000efb80000, 0x0000000100000000)
  eden space 357888K, 0% used [0x00000000d7180000,0x00000000d7180000,0x00000000ecf00000)
  from space 18432K, 99% used [0x00000000ee980000,0x00000000efb7bdb8,0x00000000efb80000)
  to   space 20992K, 0% used [0x00000000ed280000,0x00000000ed280000,0x00000000ee700000)
 ParOldGen       total 117760K, used 35683K [0x0000000085400000, 0x000000008c700000, 0x00000000d7180000)
  object space 117760K, 30% used [0x0000000085400000,0x00000000876d8d00,0x000000008c700000)
 Metaspace       used 67519K, capacity 70566K, committed 70656K, reserved 1110016K
  class space    used 8881K, capacity 9407K, committed 9472K, reserved 1048576K
}
Event: 93,007 GC heap before
{Heap before GC invocations=16 (full 3):
 PSYoungGen      total 376320K, used 376303K [0x00000000d7180000, 0x00000000efb80000, 0x0000000100000000)
  eden space 357888K, 100% used [0x00000000d7180000,0x00000000ecf00000,0x00000000ecf00000)
  from space 18432K, 99% used [0x00000000ee980000,0x00000000efb7bdb8,0x00000000efb80000)
  to   space 20992K, 0% used [0x00000000ed280000,0x00000000ed280000,0x00000000ee700000)
 ParOldGen       total 117760K, used 35683K [0x0000000085400000, 0x000000008c700000, 0x00000000d7180000)
  object space 117760K, 30% used [0x0000000085400000,0x00000000876d8d00,0x000000008c700000)
 Metaspace       used 74466K, capacity 78058K, committed 78208K, reserved 1118208K
  class space    used 9710K, capacity 10311K, committed 10368K, reserved 1048576K
Event: 93,057 GC heap after
Heap after GC invocations=16 (full 3):
 PSYoungGen      total 382464K, used 10645K [0x00000000d7180000, 0x00000000f4600000, 0x0000000100000000)
  eden space 361472K, 0% used [0x00000000d7180000,0x00000000d7180000,0x00000000ed280000)
  from space 20992K, 50% used [0x00000000ed280000,0x00000000edce5458,0x00000000ee700000)
  to   space 19968K, 0% used [0x00000000f3280000,0x00000000f3280000,0x00000000f4600000)
 ParOldGen       total 117760K, used 43839K [0x0000000085400000, 0x000000008c700000, 0x00000000d7180000)
  object space 117760K, 37% used [0x0000000085400000,0x0000000087ecfc10,0x000000008c700000)
 Metaspace       used 74466K, capacity 78058K, committed 78208K, reserved 1118208K
  class space    used 9710K, capacity 10311K, committed 10368K, reserved 1048576K
}
Event: 107,992 GC heap before
{Heap before GC invocations=17 (full 3):
 PSYoungGen      total 382464K, used 372117K [0x00000000d7180000, 0x00000000f4600000, 0x0000000100000000)
  eden space 361472K, 100% used [0x00000000d7180000,0x00000000ed280000,0x00000000ed280000)
  from space 20992K, 50% used [0x00000000ed280000,0x00000000edce5458,0x00000000ee700000)
  to   space 19968K, 0% used [0x00000000f3280000,0x00000000f3280000,0x00000000f4600000)
 ParOldGen       total 117760K, used 43839K [0x0000000085400000, 0x000000008c700000, 0x00000000d7180000)
  object space 117760K, 37% used [0x0000000085400000,0x0000000087ecfc10,0x000000008c700000)
 Metaspace       used 75440K, capacity 79128K, committed 79360K, reserved 1118208K
  class space    used 9828K, capacity 10470K, committed 10496K, reserved 1048576K
Event: 108,043 GC heap after
Heap after GC invocations=17 (full 3):
 PSYoungGen      total 444416K, used 7511K [0x00000000d7180000, 0x00000000f3e00000, 0x0000000100000000)
  eden space 432640K, 0% used [0x00000000d7180000,0x00000000d7180000,0x00000000f1800000)
  from space 11776K, 63% used [0x00000000f3280000,0x00000000f39d5fa8,0x00000000f3e00000)
  to   space 19456K, 0% used [0x00000000f1800000,0x00000000f1800000,0x00000000f2b00000)
 ParOldGen       total 117760K, used 43847K [0x0000000085400000, 0x000000008c700000, 0x00000000d7180000)
  object space 117760K, 37% used [0x0000000085400000,0x0000000087ed1c10,0x000000008c700000)
 Metaspace       used 75440K, capacity 79128K, committed 79360K, reserved 1118208K
  class space    used 9828K, capacity 10470K, committed 10496K, reserved 1048576K
}
Event: 189,037 GC heap before
{Heap before GC invocations=18 (full 3):
 PSYoungGen      total 444416K, used 440151K [0x00000000d7180000, 0x00000000f3e00000, 0x0000000100000000)
  eden space 432640K, 100% used [0x00000000d7180000,0x00000000f1800000,0x00000000f1800000)
  from space 11776K, 63% used [0x00000000f3280000,0x00000000f39d5fa8,0x00000000f3e00000)
  to   space 19456K, 0% used [0x00000000f1800000,0x00000000f1800000,0x00000000f2b00000)
 ParOldGen       total 117760K, used 43847K [0x0000000085400000, 0x000000008c700000, 0x00000000d7180000)
  object space 117760K, 37% used [0x0000000085400000,0x0000000087ed1c10,0x000000008c700000)
 Metaspace       used 75583K, capacity 79246K, committed 79360K, reserved 1118208K
  class space    used 9834K, capacity 10479K, committed 10496K, reserved 1048576K

Deoptimization events (10 events):
Event: 133,660 Thread 0x00007f319210d000 Uncommon trap: reason=range_check action=none pc=0x00007f3180a786a4 method=sun.reflect.generics.parser.SignatureParser.current()C @ 34
Event: 133,660 Thread 0x00007f319210d000 Uncommon trap: reason=range_check action=none pc=0x00007f3180a786a4 method=sun.reflect.generics.parser.SignatureParser.current()C @ 34
Event: 133,660 Thread 0x00007f319210d000 Uncommon trap: reason=range_check action=none pc=0x00007f3180a786a4 method=sun.reflect.generics.parser.SignatureParser.current()C @ 34
Event: 133,660 Thread 0x00007f319210d000 Uncommon trap: reason=range_check action=none pc=0x00007f3180a786a4 method=sun.reflect.generics.parser.SignatureParser.current()C @ 34
Event: 133,664 Thread 0x00007f319210d000 Uncommon trap: reason=range_check action=none pc=0x00007f3180a786a4 method=sun.reflect.generics.parser.SignatureParser.current()C @ 34
Event: 133,665 Thread 0x00007f319210d000 Uncommon trap: reason=range_check action=none pc=0x00007f3180a786a4 method=sun.reflect.generics.parser.SignatureParser.current()C @ 34
Event: 133,665 Thread 0x00007f319210d000 Uncommon trap: reason=range_check action=none pc=0x00007f3180a786a4 method=sun.reflect.generics.parser.SignatureParser.current()C @ 34
Event: 133,665 Thread 0x00007f319210d000 Uncommon trap: reason=range_check action=none pc=0x00007f3180a786a4 method=sun.reflect.generics.parser.SignatureParser.current()C @ 34
Event: 145,079 Thread 0x00007f31920fb000 Uncommon trap: reason=class_check action=maybe_recompile pc=0x00007f3182039618 method=org.hibernate.engine.internal.Cascade.cascade(Lorg/hibernate/engine/spi/CascadingAction;Lorg/hibernate/engine/internal/CascadePoint;Lorg/hibernate/event/spi/EventSource;
Event: 148,188 Thread 0x00007f31920ff800 Uncommon trap: reason=class_check action=maybe_recompile pc=0x00007f3182104678 method=java.nio.charset.Charset.equals(Ljava/lang/Object;)Z @ 21

Classes redefined (0 events):
No events

Internal exceptions (10 events):
Event: 107,524 Thread 0x00007f3192107000 Exception <a 'java/lang/ArrayIndexOutOfBoundsException': 47> (0x00000000ebce17d8) thrown at [/HUDSON/workspace/8-2-build-linux-amd64/jdk8u161/10277/hotspot/src/share/vm/interpreter/interpreterRuntime.cpp, line 366]
Event: 107,525 Thread 0x00007f3192107000 Exception <a 'java/lang/ArrayIndexOutOfBoundsException': 90> (0x00000000ebce3798) thrown at [/HUDSON/workspace/8-2-build-linux-amd64/jdk8u161/10277/hotspot/src/share/vm/interpreter/interpreterRuntime.cpp, line 366]
Event: 133,660 Thread 0x00007f319210d000 Exception <a 'java/lang/ArrayIndexOutOfBoundsException': 47> (0x00000000e7ed32a0) thrown at [/HUDSON/workspace/8-2-build-linux-amd64/jdk8u161/10277/hotspot/src/share/vm/interpreter/interpreterRuntime.cpp, line 366]
Event: 133,660 Thread 0x00007f319210d000 Exception <a 'java/lang/ArrayIndexOutOfBoundsException': 46> (0x00000000e7ed4868) thrown at [/HUDSON/workspace/8-2-build-linux-amd64/jdk8u161/10277/hotspot/src/share/vm/interpreter/interpreterRuntime.cpp, line 366]
Event: 133,660 Thread 0x00007f319210d000 Exception <a 'java/lang/ArrayIndexOutOfBoundsException': 46> (0x00000000e7ed5e00) thrown at [/HUDSON/workspace/8-2-build-linux-amd64/jdk8u161/10277/hotspot/src/share/vm/interpreter/interpreterRuntime.cpp, line 366]
Event: 133,660 Thread 0x00007f319210d000 Exception <a 'java/lang/ArrayIndexOutOfBoundsException': 46> (0x00000000e7ed7828) thrown at [/HUDSON/workspace/8-2-build-linux-amd64/jdk8u161/10277/hotspot/src/share/vm/interpreter/interpreterRuntime.cpp, line 366]
Event: 133,665 Thread 0x00007f319210d000 Exception <a 'java/lang/ArrayIndexOutOfBoundsException': 47> (0x00000000e7eefdc0) thrown at [/HUDSON/workspace/8-2-build-linux-amd64/jdk8u161/10277/hotspot/src/share/vm/interpreter/interpreterRuntime.cpp, line 366]
Event: 133,665 Thread 0x00007f319210d000 Exception <a 'java/lang/ArrayIndexOutOfBoundsException': 46> (0x00000000e7ef1088) thrown at [/HUDSON/workspace/8-2-build-linux-amd64/jdk8u161/10277/hotspot/src/share/vm/interpreter/interpreterRuntime.cpp, line 366]
Event: 133,665 Thread 0x00007f319210d000 Exception <a 'java/lang/ArrayIndexOutOfBoundsException': 46> (0x00000000e7ef2320) thrown at [/HUDSON/workspace/8-2-build-linux-amd64/jdk8u161/10277/hotspot/src/share/vm/interpreter/interpreterRuntime.cpp, line 366]
Event: 133,665 Thread 0x00007f319210d000 Exception <a 'java/lang/ArrayIndexOutOfBoundsException': 46> (0x00000000e7ef3ae8) thrown at [/HUDSON/workspace/8-2-build-linux-amd64/jdk8u161/10277/hotspot/src/share/vm/interpreter/interpreterRuntime.cpp, line 366]

Events (10 events):
Event: 169,719 Thread 0x00007f31900d9000 flushing nmethod 0x00007f31823d4210
Event: 169,719 Thread 0x00007f31900d9000 flushing nmethod 0x00007f3182409f90
Event: 169,719 Thread 0x00007f31900d9000 flushing nmethod 0x00007f3182458ad0
Event: 169,719 Thread 0x00007f31900d9000 flushing nmethod 0x00007f3182460e90
Event: 169,719 Thread 0x00007f31900d9000 flushing nmethod 0x00007f318246ad90
Event: 169,720 Thread 0x00007f31900d9000 flushing nmethod 0x00007f31824caa10
Event: 169,720 Thread 0x00007f31900d9000 flushing nmethod 0x00007f31825f1590
Event: 169,720 Thread 0x00007f31900d9000 flushing nmethod 0x00007f3182646790
Event: 169,720 Thread 0x00007f31900d9000 flushing nmethod 0x00007f31826c6610
Event: 188,919 Executing VM operation: ParallelGCFailedAllocation


Dynamic libraries:
00400000-00401000 r-xp 00000000 08:14 398767                             /usr/lib/jvm/java-8-oracle/bin/java
00600000-00601000 rw-p 00000000 08:14 398767                             /usr/lib/jvm/java-8-oracle/bin/java
007c5000-00c2d000 rw-p 00000000 00:00 0                                  [heap]
85400000-8c700000 rw-p 00000000 00:00 0 
8c700000-d7180000 ---p 00000000 00:00 0 
d7180000-f3e00000 rw-p 00000000 00:00 0 
f8d80000-100000000 ---p 00000000 00:00 0 
100000000-100a40000 rw-p 00000000 00:00 0 
100a40000-140000000 ---p 00000000 00:00 0 
7f30e8000000-7f30e8094000 rw-p 00000000 00:00 0 
7f30e8094000-7f30ec000000 ---p 00000000 00:00 0 
7f30f0000000-7f30f005a000 rw-p 00000000 00:00 0 
7f30f005a000-7f30f4000000 ---p 00000000 00:00 0 
7f30f4000000-7f30f40e8000 rw-p 00000000 00:00 0 
7f30f40e8000-7f30f8000000 ---p 00000000 00:00 0 
7f30f8000000-7f30f8021000 rw-p 00000000 00:00 0 
7f30f8021000-7f30fc000000 ---p 00000000 00:00 0 
7f30fc000000-7f30fc16a000 rw-p 00000000 00:00 0 
7f30fc16a000-7f3100000000 ---p 00000000 00:00 0 
7f3100000000-7f3100021000 rw-p 00000000 00:00 0 
7f3100021000-7f3104000000 ---p 00000000 00:00 0 
7f3104000000-7f3104600000 rw-p 00000000 00:00 0 
7f3104600000-7f3108000000 ---p 00000000 00:00 0 
7f3108000000-7f310ae12000 rw-p 00000000 00:00 0 
7f310ae12000-7f310c000000 ---p 00000000 00:00 0 
7f310c000000-7f310c021000 rw-p 00000000 00:00 0 
7f310c021000-7f3110000000 ---p 00000000 00:00 0 
7f3118000000-7f3118021000 rw-p 00000000 00:00 0 
7f3118021000-7f311c000000 ---p 00000000 00:00 0 
7f311e7ee000-7f311e92e000 rw-p 00000000 00:00 0 
7f311e92e000-7f311e9ee000 ---p 00000000 00:00 0 
7f311e9ee000-7f311e9f1000 ---p 00000000 00:00 0 
7f311e9f1000-7f311eaef000 rw-p 00000000 00:00 0                          [stack:13830]
7f311eaef000-7f311eaf2000 ---p 00000000 00:00 0 
7f311eaf2000-7f311ebf0000 rw-p 00000000 00:00 0                          [stack:13825]
7f311ebf0000-7f311ebf3000 ---p 00000000 00:00 0 
7f311ebf3000-7f311eef1000 rw-p 00000000 00:00 0                          [stack:13824]
7f311eef1000-7f311f0f1000 rw-p 00000000 00:00 0 
7f311f0f1000-7f311f0f4000 ---p 00000000 00:00 0 
7f311f0f4000-7f311f1f2000 rw-p 00000000 00:00 0                          [stack:13791]
7f311f1f2000-7f311f1f5000 ---p 00000000 00:00 0 
7f311f1f5000-7f311f2f3000 rw-p 00000000 00:00 0                          [stack:13788]
7f311f2f3000-7f311f2f6000 ---p 00000000 00:00 0 
7f311f2f6000-7f311f3f4000 rw-p 00000000 00:00 0                          [stack:13785]
7f311f3f4000-7f311f3f7000 ---p 00000000 00:00 0 
7f311f3f7000-7f311f4f5000 rw-p 00000000 00:00 0                          [stack:13783]
7f311f4f5000-7f311f4f8000 ---p 00000000 00:00 0 
7f311f4f8000-7f311f5f6000 rw-p 00000000 00:00 0                          [stack:13782]
7f311f5f6000-7f311f5f9000 ---p 00000000 00:00 0 
7f311f5f9000-7f311f6f7000 rw-p 00000000 00:00 0                          [stack:13780]
7f311f6f7000-7f311f6fa000 ---p 00000000 00:00 0 
7f311f6fa000-7f311f7f8000 rw-p 00000000 00:00 0                          [stack:13778]
7f311f7f8000-7f311f7fb000 ---p 00000000 00:00 0 
7f311f7fb000-7f311f8f9000 rw-p 00000000 00:00 0                          [stack:13776]
7f311f8f9000-7f311f8fc000 ---p 00000000 00:00 0 
7f311f8fc000-7f311f9fa000 rw-p 00000000 00:00 0                          [stack:13775]
7f311f9fa000-7f311f9fd000 ---p 00000000 00:00 0 
7f311f9fd000-7f311fafb000 rw-p 00000000 00:00 0                          [stack:13774]
7f311fafb000-7f311fafe000 ---p 00000000 00:00 0 
7f311fafe000-7f311fbfc000 rw-p 00000000 00:00 0                          [stack:13773]
7f311fbfc000-7f311fbff000 ---p 00000000 00:00 0 
7f311fbff000-7f311fcfd000 rw-p 00000000 00:00 0                          [stack:13772]
7f311fcfd000-7f311fd00000 ---p 00000000 00:00 0 
7f311fd00000-7f311fdfe000 rw-p 00000000 00:00 0                          [stack:13771]
7f311fdfe000-7f311fe01000 ---p 00000000 00:00 0 
7f311fe01000-7f311feff000 rw-p 00000000 00:00 0                          [stack:13770]
7f311feff000-7f311ff02000 ---p 00000000 00:00 0 
7f311ff02000-7f3120000000 rw-p 00000000 00:00 0                          [stack:13769]
7f3120000000-7f3120021000 rw-p 00000000 00:00 0 
7f3120021000-7f3124000000 ---p 00000000 00:00 0 
7f3124000000-7f3124021000 rw-p 00000000 00:00 0 
7f3124021000-7f3128000000 ---p 00000000 00:00 0 
7f3128000000-7f3129693000 rw-p 00000000 00:00 0 
7f3129693000-7f312c000000 ---p 00000000 00:00 0 
7f312c000000-7f312c021000 rw-p 00000000 00:00 0 
7f312c021000-7f3130000000 ---p 00000000 00:00 0 
7f3130000000-7f3130021000 rw-p 00000000 00:00 0 
7f3130021000-7f3134000000 ---p 00000000 00:00 0 
7f3134000000-7f3134495000 rw-p 00000000 00:00 0 
7f3134495000-7f3138000000 ---p 00000000 00:00 0 
7f3138000000-7f31396fb000 rw-p 00000000 00:00 0 
7f31396fb000-7f313c000000 ---p 00000000 00:00 0 
7f313c000000-7f313c021000 rw-p 00000000 00:00 0 
7f313c021000-7f3140000000 ---p 00000000 00:00 0 
7f3140000000-7f3143ffd000 rw-p 00000000 00:00 0 
7f3143ffd000-7f3144000000 ---p 00000000 00:00 0 
7f3144000000-7f3147ffe000 rw-p 00000000 00:00 0 
7f3147ffe000-7f3148000000 ---p 00000000 00:00 0 
7f3148000000-7f3148021000 rw-p 00000000 00:00 0 
7f3148021000-7f314c000000 ---p 00000000 00:00 0 
7f314c000000-7f314c021000 rw-p 00000000 00:00 0 
7f314c021000-7f3150000000 ---p 00000000 00:00 0 
7f3150000000-7f3150021000 rw-p 00000000 00:00 0 
7f3150021000-7f3154000000 ---p 00000000 00:00 0 
7f3154000000-7f3154021000 rw-p 00000000 00:00 0 
7f3154021000-7f3158000000 ---p 00000000 00:00 0 
7f3158000000-7f3158021000 rw-p 00000000 00:00 0 
7f3158021000-7f315c000000 ---p 00000000 00:00 0 
7f315c000000-7f315c021000 rw-p 00000000 00:00 0 
7f315c021000-7f3160000000 ---p 00000000 00:00 0 
7f3160000000-7f3160021000 rw-p 00000000 00:00 0 
7f3160021000-7f3164000000 ---p 00000000 00:00 0 
7f3164000000-7f3164290000 rw-p 00000000 00:00 0 
7f3164290000-7f3168000000 ---p 00000000 00:00 0 
7f3168000000-7f3168021000 rw-p 00000000 00:00 0 
7f3168021000-7f316c000000 ---p 00000000 00:00 0 
7f316c00c000-7f316c20c000 rw-p 00000000 00:00 0 
7f316c20c000-7f316c40c000 rw-p 00000000 00:00 0 
7f316c40c000-7f316c60c000 rw-p 00000000 00:00 0 
7f316c60c000-7f316c80c000 rw-p 00000000 00:00 0 
7f316c80c000-7f316ca0c000 rw-p 00000000 00:00 0 
7f316ca0c000-7f316cc0c000 rw-p 00000000 00:00 0 
7f316cc10000-7f316cc13000 ---p 00000000 00:00 0 
7f316cc13000-7f316cf11000 rw-p 00000000 00:00 0                          [stack:13762]
7f316cf11000-7f316d111000 rw-p 00000000 00:00 0 
7f316d111000-7f316d311000 rw-p 00000000 00:00 0 
7f316d311000-7f316d511000 rw-p 00000000 00:00 0 
7f316d511000-7f316d711000 rw-p 00000000 00:00 0 
7f316d711000-7f316d728000 r-xp 00000000 08:14 1051389                    /lib/x86_64-linux-gnu/libresolv-2.19.so
7f316d728000-7f316d928000 ---p 00017000 08:14 1051389                    /lib/x86_64-linux-gnu/libresolv-2.19.so
7f316d928000-7f316d929000 r--p 00017000 08:14 1051389                    /lib/x86_64-linux-gnu/libresolv-2.19.so
7f316d929000-7f316d92a000 rw-p 00018000 08:14 1051389                    /lib/x86_64-linux-gnu/libresolv-2.19.so
7f316d92a000-7f316d92c000 rw-p 00000000 00:00 0 
7f316d92c000-7f316d931000 r-xp 00000000 08:14 1051417                    /lib/x86_64-linux-gnu/libnss_dns-2.19.so
7f316d931000-7f316db30000 ---p 00005000 08:14 1051417                    /lib/x86_64-linux-gnu/libnss_dns-2.19.so
7f316db30000-7f316db31000 r--p 00004000 08:14 1051417                    /lib/x86_64-linux-gnu/libnss_dns-2.19.so
7f316db31000-7f316db32000 rw-p 00005000 08:14 1051417                    /lib/x86_64-linux-gnu/libnss_dns-2.19.so
7f316db32000-7f316db34000 r-xp 00000000 08:14 1050897                    /lib/x86_64-linux-gnu/libnss_mdns4_minimal.so.2
7f316db34000-7f316dd33000 ---p 00002000 08:14 1050897                    /lib/x86_64-linux-gnu/libnss_mdns4_minimal.so.2
7f316dd33000-7f316dd34000 r--p 00001000 08:14 1050897                    /lib/x86_64-linux-gnu/libnss_mdns4_minimal.so.2
7f316dd34000-7f316dd35000 rw-p 00002000 08:14 1050897                    /lib/x86_64-linux-gnu/libnss_mdns4_minimal.so.2
7f316dd35000-7f316dd38000 ---p 00000000 00:00 0 
7f316dd38000-7f316de36000 rw-p 00000000 00:00 0                          [stack:13761]
7f316de36000-7f316de39000 ---p 00000000 00:00 0 
7f316de39000-7f316e137000 rw-p 00000000 00:00 0                          [stack:13757]
7f316e137000-7f316e337000 rw-p 00000000 00:00 0 
7f316e337000-7f316e537000 rw-p 00000000 00:00 0 
7f316e537000-7f316e737000 rw-p 00000000 00:00 0 
7f316e737000-7f316e937000 rw-p 00000000 00:00 0 
7f316e937000-7f316eb37000 rw-p 00000000 00:00 0 
7f316eb37000-7f316ed37000 rw-p 00000000 00:00 0 
7f316edd4000-7f316edd7000 ---p 00000000 00:00 0 
7f316edd7000-7f316f0d5000 rw-p 00000000 00:00 0                          [stack:13756]
7f316f0d5000-7f316f0e6000 r-xp 00000000 08:14 406195                     /usr/lib/jvm/java-8-oracle/jre/lib/amd64/libnio.so
7f316f0e6000-7f316f2e5000 ---p 00011000 08:14 406195                     /usr/lib/jvm/java-8-oracle/jre/lib/amd64/libnio.so
7f316f2e5000-7f316f2e6000 rw-p 00010000 08:14 406195                     /usr/lib/jvm/java-8-oracle/jre/lib/amd64/libnio.so
7f316f2e6000-7f316f4e6000 rw-p 00000000 00:00 0 
7f316f4e6000-7f316f6e6000 rw-p 00000000 00:00 0 
7f316f6e6000-7f316f8e6000 rw-p 00000000 00:00 0 
7f316f8e6000-7f316fbe0000 rw-p 00000000 00:00 0 
7f316fbe0000-7f316fbf6000 r-xp 00000000 08:14 406215                     /usr/lib/jvm/java-8-oracle/jre/lib/amd64/libnet.so
7f316fbf6000-7f316fdf6000 ---p 00016000 08:14 406215                     /usr/lib/jvm/java-8-oracle/jre/lib/amd64/libnet.so
7f316fdf6000-7f316fdf7000 rw-p 00016000 08:14 406215                     /usr/lib/jvm/java-8-oracle/jre/lib/amd64/libnet.so
7f316fdf7000-7f316fe00000 r-xp 00000000 08:14 406174                     /usr/lib/jvm/java-8-oracle/jre/lib/amd64/libmanagement.so
7f316fe00000-7f316ffff000 ---p 00009000 08:14 406174                     /usr/lib/jvm/java-8-oracle/jre/lib/amd64/libmanagement.so
7f316ffff000-7f3170000000 rw-p 00008000 08:14 406174                     /usr/lib/jvm/java-8-oracle/jre/lib/amd64/libmanagement.so
7f3170000000-7f3170051000 rw-p 00000000 00:00 0 
7f3170051000-7f3174000000 ---p 00000000 00:00 0 
7f31740a0000-7f3178000000 rw-p 00000000 00:00 0 
7f3178000000-7f3178021000 rw-p 00000000 00:00 0 
7f3178021000-7f317c000000 ---p 00000000 00:00 0 
7f317c0ca000-7f317c0cb000 rw-p 00000000 00:00 0 
7f317c0cb000-7f317c0ce000 ---p 00000000 00:00 0 
7f317c0ce000-7f317c1cc000 rw-p 00000000 00:00 0                          [stack:13821]
7f317c1cc000-7f317c1d1000 r--s 002f9000 08:14 406302                     /usr/lib/jvm/java-8-oracle/jre/lib/charsets.jar
7f317c1d1000-7f317c3d1000 rw-p 00000000 00:00 0 
7f317c3d1000-7f317c5d1000 rw-p 00000000 00:00 0 
7f317c5d1000-7f317c7d1000 rw-p 00000000 00:00 0 
7f317c7d1000-7f317c7d4000 r--s 0001a000 08:14 406300                     /usr/lib/jvm/java-8-oracle/jre/lib/jce.jar
7f317c7d4000-7f317c9d4000 rw-p 00000000 00:00 0 
7f317c9d4000-7f317c9d9000 r--s 0009d000 08:14 406334                     /usr/lib/jvm/java-8-oracle/jre/lib/jsse.jar
7f317c9d9000-7f317c9dc000 ---p 00000000 00:00 0 
7f317c9dc000-7f317cada000 rw-p 00000000 00:00 0                          [stack:13822]
7f317cada000-7f317cadb000 r--s 0000f000 00:23 138511                     /home/retcon17/.m2/repository/org/json/json/20131018/json-20131018.jar
7f317cadb000-7f317cae4000 r--s 0005e000 00:23 1444972                    /home/retcon17/.m2/repository/org/springframework/spring-websocket/5.0.5.RELEASE/spring-websocket-5.0.5.RELEASE.jar
7f317cae4000-7f317caec000 r--s 00054000 00:23 61295                      /home/retcon17/.m2/repository/org/springframework/spring-messaging/5.0.5.RELEASE/spring-messaging-5.0.5.RELEASE.jar
7f317caec000-7f317caed000 r--s 00000000 00:23 62605                      /home/retcon17/.m2/repository/org/springframework/boot/spring-boot-starter-websocket/2.0.1.RELEASE/spring-boot-starter-websocket-2.0.1.RELEASE.jar
7f317caed000-7f317caef000 r--s 0000f000 00:23 270697                     /home/retcon17/.m2/repository/javax/activation/activation/1.1.1/activation-1.1.1.jar
7f317caef000-7f317caf7000 r--s 00078000 00:23 61308                      /home/retcon17/.m2/repository/javax/mail/mail/1.4.7/mail-1.4.7.jar
7f317caf7000-7f317cafc000 r--s 00027000 00:23 61306                      /home/retcon17/.m2/repository/org/springframework/spring-context-support/5.0.5.RELEASE/spring-context-support-5.0.5.RELEASE.jar
7f317cafc000-7f317cafd000 r--s 00000000 00:23 61304                      /home/retcon17/.m2/repository/org/reactivestreams/reactive-streams/1.0.2/reactive-streams-1.0.2.jar
7f317cafd000-7f317cb10000 r--s 00132000 00:23 61302                      /home/retcon17/.m2/repository/io/projectreactor/reactor-core/3.1.6.RELEASE/reactor-core-3.1.6.RELEASE.jar
7f317cb10000-7f317cb14000 r--s 0001c000 00:23 61297                      /home/retcon17/.m2/repository/org/springframework/retry/spring-retry/1.2.2.RELEASE/spring-retry-1.2.2.RELEASE.jar
7f317cb14000-7f317cb2e000 r--s 0011d000 00:23 61293                      /home/retcon17/.m2/repository/org/springframework/integration/spring-integration-core/5.0.4.RELEASE/spring-integration-core-5.0.4.RELEASE.jar
7f317cb2e000-7f317cb30000 r--s 00010000 00:23 61289                      /home/retcon17/.m2/repository/org/springframework/integration/spring-integration-mail/5.0.4.RELEASE/spring-integration-mail-5.0.4.RELEASE.jar
7f317cb30000-7f317cb31000 r--s 00004000 00:23 61287                      /home/retcon17/.m2/repository/org/springframework/plugin/spring-plugin-core/1.2.0.RELEASE/spring-plugin-core-1.2.0.RELEASE.jar
7f317cb31000-7f317cb36000 r--s 0002e000 00:23 61285                      /home/retcon17/.m2/repository/org/springframework/hateoas/spring-hateoas/0.24.0.RELEASE/spring-hateoas-0.24.0.RELEASE.jar
7f317cb36000-7f317cb37000 r--s 00000000 00:23 61283                      /home/retcon17/.m2/repository/org/springframework/boot/spring-boot-starter-hateoas/2.0.1.RELEASE/spring-boot-starter-hateoas-2.0.1.RELEASE.jar
7f317cb37000-7f317cb52000 r--s 001d7000 00:23 61280                      /home/retcon17/.m2/repository/org/liquibase/liquibase-core/3.5.5/liquibase-core-3.5.5.jar
7f317cb52000-7f317cb54000 r--s 00008000 00:23 1177351                    /home/retcon17/.m2/repository/classworlds/classworlds/1.1-alpha-2/classworlds-1.1-alpha-2.jar
7f317cb54000-7f317cb5b000 r--s 00029000 00:23 270693                     /home/retcon17/.m2/repository/org/codehaus/plexus/plexus-container-default/1.0-alpha-8/plexus-container-default-1.0-alpha-8.jar
7f317cb5b000-7f317cb5f000 r--s 00010000 00:23 270689                     /home/retcon17/.m2/repository/org/apache/maven/maven-artifact/2.0/maven-artifact-2.0.jar
7f317cb5f000-7f317cb61000 r--s 00026000 00:23 1624870                    /home/retcon17/.m2/repository/org/codehaus/plexus/plexus-utils/1.0.4/plexus-utils-1.0.4.jar
7f317cb61000-7f317cb63000 r--s 0000b000 00:23 270685                     /home/retcon17/.m2/repository/org/apache/maven/wagon/wagon-provider-api/1.0-alpha-5/wagon-provider-api-1.0-alpha-5.jar
7f317cb63000-7f317cb65000 r--s 00004000 00:23 407303                     /home/retcon17/.m2/repository/org/apache/maven/maven-repository-metadata/2.0/maven-repository-metadata-2.0.jar
7f317cb65000-7f317cb67000 r--s 0000b000 00:23 407301                     /home/retcon17/.m2/repository/org/apache/maven/maven-artifact-manager/2.0/maven-artifact-manager-2.0.jar
7f317cb67000-7f317cb6a000 r--s 00011000 00:23 407293                     /home/retcon17/.m2/repository/org/apache/maven/maven-model/2.0/maven-model-2.0.jar
7f317cb6a000-7f317cb6c000 r--s 00006000 00:23 407092                     /home/retcon17/.m2/repository/org/apache/maven/maven-profile/2.0/maven-profile-2.0.jar
7f317cb6c000-7f317cb6f000 r--s 00017000 00:23 398996                     /home/retcon17/.m2/repository/org/apache/maven/maven-project/2.0/maven-project-2.0.jar
7f317cb6f000-7f317cb70000 r--s 00002000 00:23 270681                     /home/retcon17/.m2/repository/org/apache/maven/maven-plugin-api/2.0/maven-plugin-api-2.0.jar
7f317cb70000-7f317cb72000 r--s 00010000 00:23 61278                      /home/retcon17/.m2/repository/org/liquibase/liquibase-maven-plugin/3.5.5/liquibase-maven-plugin-3.5.5.jar
7f317cb72000-7f317cb7c000 r--s 000ec000 00:23 270677                     /home/retcon17/.m2/repository/mysql/mysql-connector-java/5.1.46/mysql-connector-java-5.1.46.jar
7f317cb7c000-7f317cb8a000 r--s 0016b000 00:23 270673                     /home/retcon17/.m2/repository/org/hsqldb/hsqldb/2.4.0/hsqldb-2.4.0.jar
7f317cb8a000-7f317cb8e000 r--s 00037000 00:23 61276                      /home/retcon17/.m2/repository/org/apache/tomcat/embed/tomcat-embed-el/8.5.29/tomcat-embed-el-8.5.29.jar
7f317cb8e000-7f317cb8f000 r--s 00000000 00:23 61274                      /home/retcon17/.m2/repository/org/springframework/boot/spring-boot-starter-validation/2.0.1.RELEASE/spring-boot-starter-validation-2.0.1.RELEASE.jar
7f317cb8f000-7f317cb90000 r--s 00002000 00:23 270667                     /home/retcon17/.m2/repository/net/tanesha/recaptcha4j/recaptcha4j/0.0.7/recaptcha4j-0.0.7.jar
7f317cb90000-7f317cb92000 r--s 00009000 00:23 1346810                    /home/retcon17/.m2/repository/org/hamcrest/hamcrest-core/1.3/hamcrest-core-1.3.jar
7f317cb92000-7f317cb9a000 r--s 00045000 00:23 61256                      /home/retcon17/.m2/repository/junit/junit/4.12/junit-4.12.jar
7f317cb9a000-7f317cb9d000 r--s 0000e000 00:23 61238                      /home/retcon17/.m2/repository/com/fasterxml/jackson/core/jackson-annotations/2.9.0/jackson-annotations-2.9.0.jar
7f317cb9d000-7f317cb9f000 r--s 00002000 00:23 61236                      /home/retcon17/.m2/repository/org/atteo/evo-inflector/1.2.2/evo-inflector-1.2.2.jar
7f317cb9f000-7f317cba4000 r--s 0001d000 00:23 61234                      /home/retcon17/.m2/repository/org/springframework/data/spring-data-rest-core/3.0.6.RELEASE/spring-data-rest-core-3.0.6.RELEASE.jar
7f317cba4000-7f317cbac000 r--s 0004b000 00:23 61232                      /home/retcon17/.m2/repository/org/springframework/data/spring-data-rest-webmvc/3.0.6.RELEASE/spring-data-rest-webmvc-3.0.6.RELEASE.jar
7f317cbac000-7f317cbad000 r--s 00000000 00:23 61230                      /home/retcon17/.m2/repository/org/springframework/boot/spring-boot-starter-data-rest/2.0.1.RELEASE/spring-boot-starter-data-rest-2.0.1.RELEASE.jar
7f317cbad000-7f317cbaf000 r--s 0000a000 00:23 61228                      /home/retcon17/.m2/repository/org/springframework/spring-aspects/5.0.5.RELEASE/spring-aspects-5.0.5.RELEASE.jar
7f317cbaf000-7f317cbb3000 r--s 0002b000 00:23 61226                      /home/retcon17/.m2/repository/org/springframework/spring-orm/5.0.5.RELEASE/spring-orm-5.0.5.RELEASE.jar
7f317cbb3000-7f317cbca000 r--s 000f0000 00:23 61224                      /home/retcon17/.m2/repository/org/springframework/data/spring-data-commons/2.0.6.RELEASE/spring-data-commons-2.0.6.RELEASE.jar
7f317cbca000-7f317cbd2000 r--s 0004a000 00:23 61222                      /home/retcon17/.m2/repository/org/springframework/data/spring-data-jpa/2.0.6.RELEASE/spring-data-jpa-2.0.6.RELEASE.jar
7f317cbd2000-7f317cbd4000 r--s 00006000 00:23 261992                     /home/retcon17/.m2/repository/javax/transaction/javax.transaction-api/1.2/javax.transaction-api-1.2.jar
7f317cbd4000-7f317cbd7000 r--s 00010000 00:23 61218                      /home/retcon17/.m2/repository/org/hibernate/common/hibernate-commons-annotations/5.0.1.Final/hibernate-commons-annotations-5.0.1.Final.jar
7f317cbd7000-7f317cbdc000 r--s 00048000 00:23 1624506                    /home/retcon17/.m2/repository/dom4j/dom4j/1.6.1/dom4j-1.6.1.jar
7f317cbdc000-7f317cbdf000 r--s 0002b000 00:23 61216                      /home/retcon17/.m2/repository/org/jboss/jandex/2.0.3.Final/jandex-2.0.3.Final.jar
7f317cbdf000-7f317cbe4000 r--s 00068000 00:23 1075632                    /home/retcon17/.m2/repository/antlr/antlr/2.7.7/antlr-2.7.7.jar
7f317cbe4000-7f317cbee000 r--s 000ab000 00:23 61214                      /home/retcon17/.m2/repository/org/javassist/javassist/3.22.0-GA/javassist-3.22.0-GA.jar
7f317cbee000-7f317cbf3000 r--s 00017000 00:23 1624512                    /home/retcon17/.m2/repository/org/hibernate/javax/persistence/hibernate-jpa-2.1-api/1.0.0.Final/hibernate-jpa-2.1-api-1.0.0.Final.jar
7f317cbf3000-7f317cc70000 r--s 005ee000 00:23 61209                      /home/retcon17/.m2/repository/org/hibernate/hibernate-core/5.2.16.Final/hibernate-core-5.2.16.Final.jar
7f317cc70000-7f317cc89000 r--s 001bf000 00:23 1320804                    /home/retcon17/.m2/repository/org/aspectj/aspectjweaver/1.8.13/aspectjweaver-1.8.13.jar
7f317cc89000-7f317cc8a000 r--s 00000000 00:23 61206                      /home/retcon17/.m2/repository/org/springframework/boot/spring-boot-starter-aop/2.0.1.RELEASE/spring-boot-starter-aop-2.0.1.RELEASE.jar
7f317cc8a000-7f317cc8b000 r--s 00000000 00:23 61201                      /home/retcon17/.m2/repository/org/springframework/boot/spring-boot-starter-data-jpa/2.0.1.RELEASE/spring-boot-starter-data-jpa-2.0.1.RELEASE.jar
7f317cc8b000-7f317cc93000 r--s 00037000 00:23 61199                      /home/retcon17/.m2/repository/org/springframework/spring-tx/5.0.5.RELEASE/spring-tx-5.0.5.RELEASE.jar
7f317cc93000-7f317cc9c000 r--s 00059000 00:23 61197                      /home/retcon17/.m2/repository/org/springframework/spring-jdbc/5.0.5.RELEASE/spring-jdbc-5.0.5.RELEASE.jar
7f317cc9c000-7f317cc9e000 r--s 00009000 00:23 61188                      /home/retcon17/.m2/repository/org/slf4j/slf4j-api/1.7.25/slf4j-api-1.7.25.jar
7f317cc9e000-7f317cca1000 r--s 00020000 00:23 61186                      /home/retcon17/.m2/repository/com/zaxxer/HikariCP/2.7.8/HikariCP-2.7.8.jar
7f317cca1000-7f317cca2000 r--s 00000000 00:23 61028                      /home/retcon17/.m2/repository/org/springframework/boot/spring-boot-starter-jdbc/2.0.1.RELEASE/spring-boot-starter-jdbc-2.0.1.RELEASE.jar
7f317cca2000-7f317ccb1000 r--s 000b2000 00:23 60990                      /home/retcon17/.m2/repository/org/springframework/spring-webmvc/5.0.5.RELEASE/spring-webmvc-5.0.5.RELEASE.jar
7f317ccb1000-7f317cccb000 r--s 00119000 00:23 60981                      /home/retcon17/.m2/repository/org/springframework/spring-web/5.0.5.RELEASE/spring-web-5.0.5.RELEASE.jar
7f317cccb000-7f317cccd000 r--s 0000e000 00:23 60935                      /home/retcon17/.m2/repository/com/fasterxml/classmate/1.3.4/classmate-1.3.4.jar
7f317cccd000-7f317cccf000 r--s 0000f000 00:23 60932                      /home/retcon17/.m2/repository/org/jboss/logging/jboss-logging/3.3.2.Final/jboss-logging-3.3.2.Final.jar
7f317cccf000-7f317ccd4000 r--s 00012000 00:23 60930                      /home/retcon17/.m2/repository/javax/validation/validation-api/2.0.1.Final/validation-api-2.0.1.Final.jar
7f317ccd4000-7f317ccf1000 r--s 000f8000 00:23 60924                      /home/retcon17/.m2/repository/org/hibernate/validator/hibernate-validator/6.0.9.Final/hibernate-validator-6.0.9.Final.jar
7f317ccf1000-7f317ccf6000 r--s 0003a000 00:23 60919                      /home/retcon17/.m2/repository/org/apache/tomcat/embed/tomcat-embed-websocket/8.5.29/tomcat-embed-websocket-8.5.29.jar
7f317ccf6000-7f317cd20000 r--s 002cc000 00:23 60912                      /home/retcon17/.m2/repository/org/apache/tomcat/embed/tomcat-embed-core/8.5.29/tomcat-embed-core-8.5.29.jar
7f317cd20000-7f317cd21000 r--s 00000000 00:23 60903                      /home/retcon17/.m2/repository/org/springframework/boot/spring-boot-starter-tomcat/2.0.1.RELEASE/spring-boot-starter-tomcat-2.0.1.RELEASE.jar
7f317cd21000-7f317cd23000 r--s 00001000 00:23 60899                      /home/retcon17/.m2/repository/com/fasterxml/jackson/module/jackson-module-parameter-names/2.9.5/jackson-module-parameter-names-2.9.5.jar
7f317cd23000-7f317cd26000 r--s 00016000 00:23 60897                      /home/retcon17/.m2/repository/com/fasterxml/jackson/datatype/jackson-datatype-jsr310/2.9.5/jackson-datatype-jsr310-2.9.5.jar
7f317cd26000-7f317cd28000 r--s 00007000 00:23 60893                      /home/retcon17/.m2/repository/com/fasterxml/jackson/datatype/jackson-datatype-jdk8/2.9.5/jackson-datatype-jdk8-2.9.5.jar
7f317cd28000-7f317cd2c000 r--s 0004b000 00:23 60881                      /home/retcon17/.m2/repository/com/fasterxml/jackson/core/jackson-core/2.9.5/jackson-core-2.9.5.jar
7f317cd2c000-7f317cd3f000 r--s 00135000 00:23 60878                      /home/retcon17/.m2/repository/com/fasterxml/jackson/core/jackson-databind/2.9.5/jackson-databind-2.9.5.jar
7f317cd3f000-7f317cd40000 r--s 00000000 00:23 60873                      /home/retcon17/.m2/repository/org/springframework/boot/spring-boot-starter-json/2.0.1.RELEASE/spring-boot-starter-json-2.0.1.RELEASE.jar
7f317cd40000-7f317cd41000 r--s 00000000 00:23 60841                      /home/retcon17/.m2/repository/org/springframework/boot/spring-boot-starter-web/2.0.1.RELEASE/spring-boot-starter-web-2.0.1.RELEASE.jar
7f317cd41000-7f317cd46000 r--s 0003f000 00:23 60800                      /home/retcon17/.m2/repository/org/springframework/spring-expression/5.0.5.RELEASE/spring-expression-5.0.5.RELEASE.jar
7f317cd46000-7f317cd54000 r--s 0006b000 00:23 1320802                    /home/retcon17/.m2/repository/org/springframework/security/spring-security-web/5.0.4.RELEASE/spring-security-web-5.0.4.RELEASE.jar
7f317cd54000-7f317cd61000 r--s 0005b000 00:23 60781                      /home/retcon17/.m2/repository/org/springframework/security/spring-security-core/5.0.4.RELEASE/spring-security-core-5.0.4.RELEASE.jar
7f317cd61000-7f317cd6c000 r--s 0009e000 00:23 60779                      /home/retcon17/.m2/repository/org/springframework/security/spring-security-config/5.0.4.RELEASE/spring-security-config-5.0.4.RELEASE.jar
7f317cd6c000-7f317cd79000 r--s 00095000 00:23 60767                      /home/retcon17/.m2/repository/org/springframework/spring-beans/5.0.5.RELEASE/spring-beans-5.0.5.RELEASE.jar
7f317cd79000-7f317cd82000 r--s 00051000 00:23 60765                      /home/retcon17/.m2/repository/org/springframework/spring-aop/5.0.5.RELEASE/spring-aop-5.0.5.RELEASE.jar
7f317cd82000-7f317cd83000 r--s 00000000 00:23 60763                      /home/retcon17/.m2/repository/org/springframework/boot/spring-boot-starter-security/2.0.1.RELEASE/spring-boot-starter-security-2.0.1.RELEASE.jar
7f317cd83000-7f317cd8a000 r--s 00042000 00:23 60761                      /home/retcon17/.m2/repository/org/yaml/snakeyaml/1.19/snakeyaml-1.19.jar
7f317cd8a000-7f317cd8c000 r--s 00004000 00:23 60759                      /home/retcon17/.m2/repository/org/springframework/spring-jcl/5.0.5.RELEASE/spring-jcl-5.0.5.RELEASE.jar
7f317cd8c000-7f317cda4000 r--s 00114000 00:23 1320799                    /home/retcon17/.m2/repository/org/springframework/spring-core/5.0.5.RELEASE/spring-core-5.0.5.RELEASE.jar
7f317cda4000-7f317cdaf000 r--s 00069000 00:23 60745                      /home/retcon17/.m2/repository/ch/qos/logback/logback-core/1.2.3/logback-core-1.2.3.jar
7f317cdaf000-7f317cdcf000 r--s 000fa000 00:23 60738                      /home/retcon17/.m2/repository/org/springframework/boot/spring-boot-autoconfigure/2.0.1.RELEASE/spring-boot-autoconfigure-2.0.1.RELEASE.jar
7f317cdcf000-7f317cde9000 r--s 000f1000 00:23 60736                      /home/retcon17/.m2/repository/org/springframework/spring-context/5.0.5.RELEASE/spring-context-5.0.5.RELEASE.jar
7f317cde9000-7f317cdfe000 r--s 000ce000 00:23 60734                      /home/retcon17/.m2/repository/org/springframework/boot/spring-boot/2.0.1.RELEASE/spring-boot-2.0.1.RELEASE.jar
7f317cdfe000-7f317ce94000 r--s 0110a000 08:14 406285                     /usr/lib/jvm/java-8-oracle/jre/lib/ext/jfxrt.jar
7f317ce94000-7f317ce95000 ---p 00000000 00:00 0 
7f317ce95000-7f317cf95000 rw-p 00000000 00:00 0                          [stack:13747]
7f317cf95000-7f317cf98000 ---p 00000000 00:00 0 
7f317cf98000-7f317d096000 rw-p 00000000 00:00 0                          [stack:13746]
7f317d096000-7f317d099000 ---p 00000000 00:00 0 
7f317d099000-7f317d197000 rw-p 00000000 00:00 0                          [stack:13745]
7f317d197000-7f317d19a000 ---p 00000000 00:00 0 
7f317d19a000-7f317d298000 rw-p 00000000 00:00 0                          [stack:13744]
7f317d298000-7f317d29b000 ---p 00000000 00:00 0 
7f317d29b000-7f317d399000 rw-p 00000000 00:00 0                          [stack:13743]
7f317d399000-7f317d39c000 ---p 00000000 00:00 0 
7f317d39c000-7f317d49a000 rw-p 00000000 00:00 0                          [stack:13740]
7f317d49a000-7f317d49d000 ---p 00000000 00:00 0 
7f317d49d000-7f317d59b000 rw-p 00000000 00:00 0                          [stack:13739]
7f317d59b000-7f317d59e000 ---p 00000000 00:00 0 
7f317d59e000-7f317d69c000 rw-p 00000000 00:00 0                          [stack:13738]
7f317d69c000-7f317d6a0000 r-xp 00000000 08:14 406171                     /usr/lib/jvm/java-8-oracle/jre/lib/amd64/libdt_socket.so
7f317d6a0000-7f317d89f000 ---p 00004000 08:14 406171                     /usr/lib/jvm/java-8-oracle/jre/lib/amd64/libdt_socket.so
7f317d89f000-7f317d8a0000 rw-p 00003000 08:14 406171                     /usr/lib/jvm/java-8-oracle/jre/lib/amd64/libdt_socket.so
7f317d8a0000-7f317d8a3000 ---p 00000000 00:00 0 
7f317d8a3000-7f317d9a1000 rw-p 00000000 00:00 0                          [stack:13734]
7f317d9a1000-7f317d9a4000 ---p 00000000 00:00 0 
7f317d9a4000-7f317daa2000 rw-p 00000000 00:00 0                          [stack:13732]
7f317daa2000-7f317daa5000 ---p 00000000 00:00 0 
7f317daa5000-7f317dba3000 rw-p 00000000 00:00 0                          [stack:13731]
7f317dba3000-7f317dba4000 ---p 00000000 00:00 0 
7f317dba4000-7f317ec65000 rw-p 00000000 00:00 0                          [stack:13730]
7f317ec65000-7f317ee3e000 r--s 03d64000 08:14 406086                     /usr/lib/jvm/java-8-oracle/jre/lib/rt.jar
7f317ee3e000-7f317fa8a000 rw-p 00000000 00:00 0 
7f317fa8a000-7f317fa8b000 ---p 00000000 00:00 0 
7f317fa8b000-7f317fb8b000 rw-p 00000000 00:00 0                          [stack:13729]
7f317fb8b000-7f317fb8c000 ---p 00000000 00:00 0 
7f317fb8c000-7f317fc8c000 rw-p 00000000 00:00 0                          [stack:13728]
7f317fc8c000-7f317fc8d000 ---p 00000000 00:00 0 
7f317fc8d000-7f317fdc7000 rw-p 00000000 00:00 0                          [stack:13727]
7f317fdc7000-7f318001c000 ---p 00000000 00:00 0 
7f318001c000-7f3180056000 rw-p 00000000 00:00 0 
7f3180056000-7f31802aa000 ---p 00000000 00:00 0 
7f31802aa000-7f3180391000 rw-p 00000000 00:00 0 
7f3180391000-7f31803f2000 ---p 00000000 00:00 0 
7f31803f2000-7f3180478000 rw-p 00000000 00:00 0 
7f3180478000-7f31807b3000 ---p 00000000 00:00 0 
7f31807b3000-7f31828c3000 rwxp 00000000 00:00 0 
7f31828c3000-7f318f7b3000 ---p 00000000 00:00 0 
7f318f7b3000-7f318f7ce000 r-xp 00000000 08:14 406187                     /usr/lib/jvm/java-8-oracle/jre/lib/amd64/libzip.so
7f318f7ce000-7f318f9ce000 ---p 0001b000 08:14 406187                     /usr/lib/jvm/java-8-oracle/jre/lib/amd64/libzip.so
7f318f9ce000-7f318f9cf000 rw-p 0001b000 08:14 406187                     /usr/lib/jvm/java-8-oracle/jre/lib/amd64/libzip.so
7f318f9cf000-7f318f9d9000 r-xp 00000000 08:14 1047826                    /lib/x86_64-linux-gnu/libnss_files-2.19.so
7f318f9d9000-7f318fbd8000 ---p 0000a000 08:14 1047826                    /lib/x86_64-linux-gnu/libnss_files-2.19.so
7f318fbd8000-7f318fbd9000 r--p 00009000 08:14 1047826                    /lib/x86_64-linux-gnu/libnss_files-2.19.so
7f318fbd9000-7f318fbda000 rw-p 0000a000 08:14 1047826                    /lib/x86_64-linux-gnu/libnss_files-2.19.so
7f318fbda000-7f318fbe5000 r-xp 00000000 08:14 1051391                    /lib/x86_64-linux-gnu/libnss_nis-2.19.so
7f318fbe5000-7f318fde4000 ---p 0000b000 08:14 1051391                    /lib/x86_64-linux-gnu/libnss_nis-2.19.so
7f318fde4000-7f318fde5000 r--p 0000a000 08:14 1051391                    /lib/x86_64-linux-gnu/libnss_nis-2.19.so
7f318fde5000-7f318fde6000 rw-p 0000b000 08:14 1051391                    /lib/x86_64-linux-gnu/libnss_nis-2.19.so
7f318fde6000-7f318fdfd000 r-xp 00000000 08:14 1051414                    /lib/x86_64-linux-gnu/libnsl-2.19.so
7f318fdfd000-7f318fffc000 ---p 00017000 08:14 1051414                    /lib/x86_64-linux-gnu/libnsl-2.19.so
7f318fffc000-7f318fffd000 r--p 00016000 08:14 1051414                    /lib/x86_64-linux-gnu/libnsl-2.19.so
7f318fffd000-7f318fffe000 rw-p 00017000 08:14 1051414                    /lib/x86_64-linux-gnu/libnsl-2.19.so
7f318fffe000-7f3190000000 rw-p 00000000 00:00 0 
7f3190000000-7f319215e000 rw-p 00000000 00:00 0 
7f319215e000-7f3194000000 ---p 00000000 00:00 0 
7f3194000000-7f3194002000 r--s 00005000 00:23 60756                      /home/retcon17/.m2/repository/javax/annotation/javax.annotation-api/1.3.2/javax.annotation-api-1.3.2.jar
7f3194002000-7f3194004000 r--s 00000000 00:23 60753                      /home/retcon17/.m2/repository/org/slf4j/jul-to-slf4j/1.7.25/jul-to-slf4j-1.7.25.jar
7f3194004000-7f319400a000 r--s 00039000 00:23 60749                      /home/retcon17/.m2/repository/org/apache/logging/log4j/log4j-api/2.10.0/log4j-api-2.10.0.jar
7f319400a000-7f3194010000 r--s 00041000 00:23 60743                      /home/retcon17/.m2/repository/ch/qos/logback/logback-classic/1.2.3/logback-classic-1.2.3.jar
7f3194010000-7f3194015000 r--s 00084000 08:14 406291                     /usr/lib/jvm/java-8-oracle/jre/lib/jfr.jar
7f3194015000-7f3194036000 rw-p 00000000 00:00 0 
7f3194036000-7f3194037000 ---p 00000000 00:00 0 
7f3194037000-7f3194137000 rw-p 00000000 00:00 0                          [stack:13726]
7f3194137000-7f3194140000 r-xp 00000000 08:14 1051395                    /lib/x86_64-linux-gnu/libnss_compat-2.19.so
7f3194140000-7f319433f000 ---p 00009000 08:14 1051395                    /lib/x86_64-linux-gnu/libnss_compat-2.19.so
7f319433f000-7f3194340000 r--p 00008000 08:14 1051395                    /lib/x86_64-linux-gnu/libnss_compat-2.19.so
7f3194340000-7f3194341000 rw-p 00009000 08:14 1051395                    /lib/x86_64-linux-gnu/libnss_compat-2.19.so
7f3194341000-7f3194a23000 r--p 00000000 08:14 923926                     /usr/lib/locale/locale-archive
7f3194a23000-7f3194a25000 r-xp 00000000 08:14 406204                     /usr/lib/jvm/java-8-oracle/jre/lib/amd64/libnpt.so
7f3194a25000-7f3194c25000 ---p 00002000 08:14 406204                     /usr/lib/jvm/java-8-oracle/jre/lib/amd64/libnpt.so
7f3194c25000-7f3194c26000 rw-p 00002000 08:14 406204                     /usr/lib/jvm/java-8-oracle/jre/lib/amd64/libnpt.so
7f3194c26000-7f3194c60000 r-xp 00000000 08:14 406172                     /usr/lib/jvm/java-8-oracle/jre/lib/amd64/libjdwp.so
7f3194c60000-7f3194e5f000 ---p 0003a000 08:14 406172                     /usr/lib/jvm/java-8-oracle/jre/lib/amd64/libjdwp.so
7f3194e5f000-7f3194e60000 rw-p 00039000 08:14 406172                     /usr/lib/jvm/java-8-oracle/jre/lib/amd64/libjdwp.so
7f3194e60000-7f3194e61000 rw-p 00000000 00:00 0 
7f3194e61000-7f3194e8c000 r-xp 00000000 08:14 406164                     /usr/lib/jvm/java-8-oracle/jre/lib/amd64/libjava.so
7f3194e8c000-7f319508b000 ---p 0002b000 08:14 406164                     /usr/lib/jvm/java-8-oracle/jre/lib/amd64/libjava.so
7f319508b000-7f319508d000 rw-p 0002a000 08:14 406164                     /usr/lib/jvm/java-8-oracle/jre/lib/amd64/libjava.so
7f319508d000-7f319509a000 r-xp 00000000 08:14 406206                     /usr/lib/jvm/java-8-oracle/jre/lib/amd64/libverify.so
7f319509a000-7f319529a000 ---p 0000d000 08:14 406206                     /usr/lib/jvm/java-8-oracle/jre/lib/amd64/libverify.so
7f319529a000-7f319529c000 rw-p 0000d000 08:14 406206                     /usr/lib/jvm/java-8-oracle/jre/lib/amd64/libverify.so
7f319529c000-7f31952a3000 r-xp 00000000 08:14 1051412                    /lib/x86_64-linux-gnu/librt-2.19.so
7f31952a3000-7f31954a2000 ---p 00007000 08:14 1051412                    /lib/x86_64-linux-gnu/librt-2.19.so
7f31954a2000-7f31954a3000 r--p 00006000 08:14 1051412                    /lib/x86_64-linux-gnu/librt-2.19.so
7f31954a3000-7f31954a4000 rw-p 00007000 08:14 1051412                    /lib/x86_64-linux-gnu/librt-2.19.so
7f31954a4000-7f31955a9000 r-xp 00000000 08:14 1051397                    /lib/x86_64-linux-gnu/libm-2.19.so
7f31955a9000-7f31957a8000 ---p 00105000 08:14 1051397                    /lib/x86_64-linux-gnu/libm-2.19.so
7f31957a8000-7f31957a9000 r--p 00104000 08:14 1051397                    /lib/x86_64-linux-gnu/libm-2.19.so
7f31957a9000-7f31957aa000 rw-p 00105000 08:14 1051397                    /lib/x86_64-linux-gnu/libm-2.19.so
7f31957aa000-7f3196483000 r-xp 00000000 08:14 406184                     /usr/lib/jvm/java-8-oracle/jre/lib/amd64/server/libjvm.so
7f3196483000-7f3196682000 ---p 00cd9000 08:14 406184                     /usr/lib/jvm/java-8-oracle/jre/lib/amd64/server/libjvm.so
7f3196682000-7f319675b000 rw-p 00cd8000 08:14 406184                     /usr/lib/jvm/java-8-oracle/jre/lib/amd64/server/libjvm.so
7f319675b000-7f31967a7000 rw-p 00000000 00:00 0 
7f31967a7000-7f3196965000 r-xp 00000000 08:14 1051419                    /lib/x86_64-linux-gnu/libc-2.19.so
7f3196965000-7f3196b65000 ---p 001be000 08:14 1051419                    /lib/x86_64-linux-gnu/libc-2.19.so
7f3196b65000-7f3196b69000 r--p 001be000 08:14 1051419                    /lib/x86_64-linux-gnu/libc-2.19.so
7f3196b69000-7f3196b6b000 rw-p 001c2000 08:14 1051419                    /lib/x86_64-linux-gnu/libc-2.19.so
7f3196b6b000-7f3196b70000 rw-p 00000000 00:00 0 
7f3196b70000-7f3196b73000 r-xp 00000000 08:14 1051415                    /lib/x86_64-linux-gnu/libdl-2.19.so
7f3196b73000-7f3196d72000 ---p 00003000 08:14 1051415                    /lib/x86_64-linux-gnu/libdl-2.19.so
7f3196d72000-7f3196d73000 r--p 00002000 08:14 1051415                    /lib/x86_64-linux-gnu/libdl-2.19.so
7f3196d73000-7f3196d74000 rw-p 00003000 08:14 1051415                    /lib/x86_64-linux-gnu/libdl-2.19.so
7f3196d74000-7f3196d8a000 r-xp 00000000 08:14 398934                     /usr/lib/jvm/java-8-oracle/lib/amd64/jli/libjli.so
7f3196d8a000-7f3196f89000 ---p 00016000 08:14 398934                     /usr/lib/jvm/java-8-oracle/lib/amd64/jli/libjli.so
7f3196f89000-7f3196f8a000 rw-p 00015000 08:14 398934                     /usr/lib/jvm/java-8-oracle/lib/amd64/jli/libjli.so
7f3196f8a000-7f3196fa3000 r-xp 00000000 08:14 1051411                    /lib/x86_64-linux-gnu/libpthread-2.19.so
7f3196fa3000-7f31971a2000 ---p 00019000 08:14 1051411                    /lib/x86_64-linux-gnu/libpthread-2.19.so
7f31971a2000-7f31971a3000 r--p 00018000 08:14 1051411                    /lib/x86_64-linux-gnu/libpthread-2.19.so
7f31971a3000-7f31971a4000 rw-p 00019000 08:14 1051411                    /lib/x86_64-linux-gnu/libpthread-2.19.so
7f31971a4000-7f31971a8000 rw-p 00000000 00:00 0 
7f31971a8000-7f31971cb000 r-xp 00000000 08:14 1051408                    /lib/x86_64-linux-gnu/ld-2.19.so
7f31971cb000-7f31971cd000 r--s 00003000 00:23 60747                      /home/retcon17/.m2/repository/org/apache/logging/log4j/log4j-to-slf4j/2.10.0/log4j-to-slf4j-2.10.0.jar
7f31971cd000-7f31971e0000 r--s 00345000 08:14 406303                     /usr/lib/jvm/java-8-oracle/jre/lib/resources.jar
7f31971e0000-7f31972ab000 rw-p 00000000 00:00 0 
7f31972ab000-7f31972ae000 ---p 00000000 00:00 0 
7f31972ae000-7f31973b1000 rw-p 00000000 00:00 0                          [stack:13725]
7f31973b1000-7f31973b2000 r--s 00000000 00:23 60740                      /home/retcon17/.m2/repository/org/springframework/boot/spring-boot-starter-logging/2.0.1.RELEASE/spring-boot-starter-logging-2.0.1.RELEASE.jar
7f31973b2000-7f31973b3000 r--s 00000000 00:23 60732                      /home/retcon17/.m2/repository/org/springframework/boot/spring-boot-starter/2.0.1.RELEASE/spring-boot-starter-2.0.1.RELEASE.jar
7f31973b3000-7f31973b8000 r--s 002f9000 08:14 406302                     /usr/lib/jvm/java-8-oracle/jre/lib/charsets.jar
7f31973b8000-7f31973bb000 r--s 0001a000 08:14 406300                     /usr/lib/jvm/java-8-oracle/jre/lib/jce.jar
7f31973bb000-7f31973c0000 r--s 0009d000 08:14 406334                     /usr/lib/jvm/java-8-oracle/jre/lib/jsse.jar
7f31973c0000-7f31973c8000 rw-s 00000000 08:14 273221                     /tmp/hsperfdata_retcon17/13719
7f31973c8000-7f31973c9000 rw-p 00000000 00:00 0 
7f31973c9000-7f31973ca000 ---p 00000000 00:00 0 
7f31973ca000-7f31973cb000 r--p 00022000 08:14 1051408                    /lib/x86_64-linux-gnu/ld-2.19.so
7f31973cb000-7f31973cc000 rw-p 00023000 08:14 1051408                    /lib/x86_64-linux-gnu/ld-2.19.so
7f31973cc000-7f31973cd000 rw-p 00000000 00:00 0 
7fffd6996000-7fffd69ba000 rw-p 00000000 00:00 0                          [stack]
7fffd69df000-7fffd69e1000 r-xp 00000000 00:00 0                          [vdso]
ffffffffff600000-ffffffffff601000 r-xp 00000000 00:00 0                  [vsyscall]

VM Arguments:
jvm_args: -agentlib:jdwp=transport=dt_socket,suspend=y,address=localhost:52347 -Dfile.encoding=UTF-8 
java_command: org.genboard.Application
java_class_path (initial): /usr/lib/jvm/java-8-oracle/jre/lib/resources.jar:/usr/lib/jvm/java-8-oracle/jre/lib/rt.jar:/usr/lib/jvm/java-8-oracle/jre/lib/jsse.jar:/usr/lib/jvm/java-8-oracle/jre/lib/jce.jar:/usr/lib/jvm/java-8-oracle/jre/lib/charsets.jar:/usr/lib/jvm/java-8-oracle/jre/lib/jfr.jar:/usr/lib/jvm/java-8-oracle/jre/lib/ext/jaccess.jar:/usr/lib/jvm/java-8-oracle/jre/lib/ext/sunec.jar:/usr/lib/jvm/java-8-oracle/jre/lib/ext/sunpkcs11.jar:/usr/lib/jvm/java-8-oracle/jre/lib/ext/sunjce_provider.jar:/usr/lib/jvm/java-8-oracle/jre/lib/ext/dnsns.jar:/usr/lib/jvm/java-8-oracle/jre/lib/ext/jfxrt.jar:/usr/lib/jvm/java-8-oracle/jre/lib/ext/localedata.jar:/usr/lib/jvm/java-8-oracle/jre/lib/ext/cldrdata.jar:/usr/lib/jvm/java-8-oracle/jre/lib/ext/nashorn.jar:/usr/lib/jvm/java-8-oracle/jre/lib/ext/zipfs.jar:/media/retcon17/Harddisk/GenBoardTest/GenBoard/api/target/classes:/home/retcon17/.m2/repository/org/springframework/boot/spring-boot-starter/2.0.1.RELEASE/spring-boot-starter-2.0.1.RELEASE.jar:/home/retcon17/.m2/repository/org/springframework/boot/spring-boot/2.0.1.RELEASE/spring-boot-2.0.1.RELEASE.jar:/home/retcon17/.m2/repository/org/springframework/spring-context/5.0.5.RELEASE/spring-context-5.0.5.RELEASE.jar:/home/retcon17/.m2/repository/org/springframework/boot/spring-boot-autoconfigure/2.0.1.RELEASE/spring-boot-autoconfigure-2.0.1.RELEASE.jar:/home/retcon17/.m2/repository/org/springframework/boot/spring-boot-starter-logging/2.0.1.RELEASE/spring-boot-starter-logging-2.0.1.RELEASE.jar:/home/retcon17/.m2/repository/ch/qos/logback/logback-classic/1.2.3/logback-classic-1.2.3.jar:/home/retcon17/.m2/repository/ch/qos/logback/logback-core/1.2.3/logback-core-1.2.3.jar:/home/retcon17/.m2/repository/org/apache/logging/log4j/log4j-to-slf4j/2.10.0/log4j-to-slf4j-2.10.0.jar:/home/retcon17/.m2/repository/org/apache/logging/log4j/log4j-api/2.10.0/log4j-api-2.10.0.jar:/home/retcon17/.m2/repository/org/slf4j/jul-to-slf4j/1.7.25/jul-to-slf4j-1.7.25.jar:/home/retcon17/.m2/repositor
Launcher Type: SUN_STANDARD

Environment Variables:
JAVA_HOME=/usr/lib/jvm/java-8-oracle
PATH=/usr/local/sbin:/usr/local/bin:/usr/sbin:/usr/bin:/sbin:/bin:/usr/games:/usr/local/games:/usr/lib/jvm/java-8-oracle/bin:/usr/lib/jvm/java-8-oracle/db/bin:/usr/lib/jvm/java-8-oracle/jre/bin
SHELL=/bin/bash
DISPLAY=:0.0

Signal Handlers:
SIGSEGV: [libjvm.so+0xad01e0], sa_mask[0]=11111111011111111101111111111110, sa_flags=SA_RESTART|SA_SIGINFO
SIGBUS: [libjvm.so+0xad01e0], sa_mask[0]=11111111011111111101111111111110, sa_flags=SA_RESTART|SA_SIGINFO
SIGFPE: [libjvm.so+0x927fb0], sa_mask[0]=11111111011111111101111111111110, sa_flags=SA_RESTART|SA_SIGINFO
SIGPIPE: [libjvm.so+0x927fb0], sa_mask[0]=11111111011111111101111111111110, sa_flags=SA_RESTART|SA_SIGINFO
SIGXFSZ: [libjvm.so+0x927fb0], sa_mask[0]=11111111011111111101111111111110, sa_flags=SA_RESTART|SA_SIGINFO
SIGILL: [libjvm.so+0x927fb0], sa_mask[0]=11111111011111111101111111111110, sa_flags=SA_RESTART|SA_SIGINFO
SIGUSR1: SIG_DFL, sa_mask[0]=00000000000000000000000000000000, sa_flags=none
SIGUSR2: [libjvm.so+0x9297f0], sa_mask[0]=00100000000000000000000000000000, sa_flags=SA_RESTART|SA_SIGINFO
SIGHUP: [libjvm.so+0x92abf0], sa_mask[0]=11111111011111111101111111111110, sa_flags=SA_RESTART|SA_SIGINFO
SIGINT: [libjvm.so+0x92abf0], sa_mask[0]=11111111011111111101111111111110, sa_flags=SA_RESTART|SA_SIGINFO
SIGTERM: [libjvm.so+0x92abf0], sa_mask[0]=11111111011111111101111111111110, sa_flags=SA_RESTART|SA_SIGINFO
SIGQUIT: [libjvm.so+0x92abf0], sa_mask[0]=11111111011111111101111111111110, sa_flags=SA_RESTART|SA_SIGINFO


---------------  S Y S T E M  ---------------

OS:DISTRIB_ID=Ubuntu
DISTRIB_RELEASE=14.04
DISTRIB_CODENAME=trusty
DISTRIB_DESCRIPTION="Ubuntu 14.04.5 LTS"

uname:Linux 3.13.0-77-generic #121-Ubuntu SMP Wed Jan 20 10:50:42 UTC 2016 x86_64
libc:glibc 2.19 NPTL 2.19 
rlimit: STACK 8192k, CORE 0k, NPROC 62301, NOFILE 65000, AS infinity
load average:7,57 4,54 3,65

/proc/meminfo:
MemTotal:        8040492 kB
MemFree:          118820 kB
Buffers:             192 kB
Cached:           482996 kB
SwapCached:            0 kB
Active:          7133076 kB
Inactive:         474988 kB
Active(anon):    7131160 kB
Inactive(anon):   458008 kB
Active(file):       1916 kB
Inactive(file):    16980 kB
Unevictable:         232 kB
Mlocked:             232 kB
SwapTotal:             0 kB
SwapFree:              0 kB
Dirty:                32 kB
Writeback:             0 kB
AnonPages:       7125420 kB
Mapped:           195524 kB
Shmem:            463980 kB
Slab:             134300 kB
SReclaimable:      77784 kB
SUnreclaim:        56516 kB
KernelStack:        7688 kB
PageTables:        72360 kB
NFS_Unstable:          0 kB
Bounce:                0 kB
WritebackTmp:          0 kB
CommitLimit:     4020244 kB
Committed_AS:   15091216 kB
VmallocTotal:   34359738367 kB
VmallocUsed:      355556 kB
VmallocChunk:   34359375836 kB
HardwareCorrupted:     0 kB
AnonHugePages:   2621440 kB
HugePages_Total:       0
HugePages_Free:        0
HugePages_Rsvd:        0
HugePages_Surp:        0
Hugepagesize:       2048 kB
DirectMap4k:       86932 kB
DirectMap2M:     8165376 kB


CPU:total 4 (initial active 4) (2 cores per cpu, 2 threads per core) family 6 model 58 stepping 9, cmov, cx8, fxsr, mmx, sse, sse2, sse3, ssse3, sse4.1, sse4.2, popcnt, avx, aes, clmul, erms, ht, tsc, tscinvbit, tscinv

/proc/cpuinfo:
processor	: 0
vendor_id	: GenuineIntel
cpu family	: 6
model		: 58
model name	: Intel(R) Core(TM) i5-3317U CPU @ 1.70GHz
stepping	: 9
microcode	: 0x17
cpu MHz		: 1701.000
cache size	: 3072 KB
physical id	: 0
siblings	: 4
core id		: 0
cpu cores	: 2
apicid		: 0
initial apicid	: 0
fpu		: yes
fpu_exception	: yes
cpuid level	: 13
wp		: yes
flags		: fpu vme de pse tsc msr pae mce cx8 apic sep mtrr pge mca cmov pat pse36 clflush dts acpi mmx fxsr sse sse2 ss ht tm pbe syscall nx rdtscp lm constant_tsc arch_perfmon pebs bts rep_good nopl xtopology nonstop_tsc aperfmperf eagerfpu pni pclmulqdq dtes64 monitor ds_cpl vmx est tm2 ssse3 cx16 xtpr pdcm pcid sse4_1 sse4_2 x2apic popcnt tsc_deadline_timer aes xsave avx f16c rdrand lahf_lm ida arat epb xsaveopt pln pts dtherm tpr_shadow vnmi flexpriority ept vpid fsgsbase smep erms
bogomips	: 3392.03
clflush size	: 64
cache_alignment	: 64
address sizes	: 36 bits physical, 48 bits virtual
power management:

processor	: 1
vendor_id	: GenuineIntel
cpu family	: 6
model		: 58
model name	: Intel(R) Core(TM) i5-3317U CPU @ 1.70GHz
stepping	: 9
microcode	: 0x17
cpu MHz		: 1701.000
cache size	: 3072 KB
physical id	: 0
siblings	: 4
core id		: 1
cpu cores	: 2
apicid		: 2
initial apicid	: 2
fpu		: yes
fpu_exception	: yes
cpuid level	: 13
wp		: yes
flags		: fpu vme de pse tsc msr pae mce cx8 apic sep mtrr pge mca cmov pat pse36 clflush dts acpi mmx fxsr sse sse2 ss ht tm pbe syscall nx rdtscp lm constant_tsc arch_perfmon pebs bts rep_good nopl xtopology nonstop_tsc aperfmperf eagerfpu pni pclmulqdq dtes64 monitor ds_cpl vmx est tm2 ssse3 cx16 xtpr pdcm pcid sse4_1 sse4_2 x2apic popcnt tsc_deadline_timer aes xsave avx f16c rdrand lahf_lm ida arat epb xsaveopt pln pts dtherm tpr_shadow vnmi flexpriority ept vpid fsgsbase smep erms
bogomips	: 3392.03
clflush size	: 64
cache_alignment	: 64
address sizes	: 36 bits physical, 48 bits virtual
power management:

processor	: 2
vendor_id	: GenuineIntel
cpu family	: 6
model		: 58
model name	: Intel(R) Core(TM) i5-3317U CPU @ 1.70GHz
stepping	: 9
microcode	: 0x17
cpu MHz		: 1701.000
cache size	: 3072 KB
physical id	: 0
siblings	: 4
core id		: 0
cpu cores	: 2
apicid		: 1
initial apicid	: 1
fpu		: yes
fpu_exception	: yes
cpuid level	: 13
wp		: yes
flags		: fpu vme de pse tsc msr pae mce cx8 apic sep mtrr pge mca cmov pat pse36 clflush dts acpi mmx fxsr sse sse2 ss ht tm pbe syscall nx rdtscp lm constant_tsc arch_perfmon pebs bts rep_good nopl xtopology nonstop_tsc aperfmperf eagerfpu pni pclmulqdq dtes64 monitor ds_cpl vmx est tm2 ssse3 cx16 xtpr pdcm pcid sse4_1 sse4_2 x2apic popcnt tsc_deadline_timer aes xsave avx f16c rdrand lahf_lm ida arat epb xsaveopt pln pts dtherm tpr_shadow vnmi flexpriority ept vpid fsgsbase smep erms
bogomips	: 3392.03
clflush size	: 64
cache_alignment	: 64
address sizes	: 36 bits physical, 48 bits virtual
power management:

processor	: 3
vendor_id	: GenuineIntel
cpu family	: 6
model		: 58
model name	: Intel(R) Core(TM) i5-3317U CPU @ 1.70GHz
stepping	: 9
microcode	: 0x17
cpu MHz		: 1701.000
cache size	: 3072 KB
physical id	: 0
siblings	: 4
core id		: 1
cpu cores	: 2
apicid		: 3
initial apicid	: 3
fpu		: yes
fpu_exception	: yes
cpuid level	: 13
wp		: yes
flags		: fpu vme de pse tsc msr pae mce cx8 apic sep mtrr pge mca cmov pat pse36 clflush dts acpi mmx fxsr sse sse2 ss ht tm pbe syscall nx rdtscp lm constant_tsc arch_perfmon pebs bts rep_good nopl xtopology nonstop_tsc aperfmperf eagerfpu pni pclmulqdq dtes64 monitor ds_cpl vmx est tm2 ssse3 cx16 xtpr pdcm pcid sse4_1 sse4_2 x2apic popcnt tsc_deadline_timer aes xsave avx f16c rdrand lahf_lm ida arat epb xsaveopt pln pts dtherm tpr_shadow vnmi flexpriority ept vpid fsgsbase smep erms
bogomips	: 3392.03
clflush size	: 64
cache_alignment	: 64
address sizes	: 36 bits physical, 48 bits virtual
power management:



Memory: 4k page, physical 8040492k(114852k free), swap 0k(0k free)

vm_info: Java HotSpot(TM) 64-Bit Server VM (25.161-b12) for linux-amd64 JRE (1.8.0_161-b12), built on Dec 19 2017 16:12:43 by "java_re" with gcc 4.3.0 20080428 (Red Hat 4.3.0-8)

time: Tue Jul 10 20:30:14 2018
elapsed time: 196 seconds (0d 0h 3m 16s)

